<?xml version="1.0" encoding="UTF-8"?>
<robot generator="Robot 6.0.2 (Python 3.11.1 on win32)" generated="20230323 19:23:22.811" rpa="false" schemaversion="3">
<suite id="s1" name="LandingPageNavigate" source="C:\Users\Onur\Documents\RobotFrameworkBoilerPlate\Tests\LandingPageNavigate.robot">
<test id="s1-t1" name="Navigate the Page" line="9">
<kw name="Open Browser" library="SeleniumLibrary">
<arg>about:blank</arg>
<arg>chrome</arg>
<doc>Opens a new browser instance to the optional ``url``.</doc>
<msg timestamp="20230323 19:23:22.943" level="INFO">Opening browser 'chrome' to base url 'about:blank'.</msg>
<status status="PASS" starttime="20230323 19:23:22.943" endtime="20230323 19:23:24.039"/>
</kw>
<kw name="Maximize Browser Window" library="SeleniumLibrary">
<doc>Maximizes current browser window.</doc>
<status status="PASS" starttime="20230323 19:23:24.039" endtime="20230323 19:23:24.159"/>
</kw>
<kw name="Go To" library="SeleniumLibrary">
<arg>${landind_page}</arg>
<doc>Navigates the current browser window to the provided ``url``.</doc>
<msg timestamp="20230323 19:23:24.159" level="INFO">Opening url 'http://the-internet.herokuapp.com/'</msg>
<status status="PASS" starttime="20230323 19:23:24.159" endtime="20230323 19:23:26.730"/>
</kw>
<kw name="Capture Page Screenshot" library="SeleniumLibrary">
<doc>Takes a screenshot of the current page and embeds it into a log file.</doc>
<msg timestamp="20230323 19:23:26.822" level="INFO" html="true">&lt;/td&gt;&lt;/tr&gt;&lt;tr&gt;&lt;td colspan="3"&gt;&lt;a href="selenium-screenshot-1.png"&gt;&lt;img src="selenium-screenshot-1.png" width="800px"&gt;&lt;/a&gt;</msg>
<status status="PASS" starttime="20230323 19:23:26.730" endtime="20230323 19:23:26.838"/>
</kw>
<kw name="Get Location" library="SeleniumLibrary">
<var>${current_url}</var>
<doc>Returns the current browser window URL.</doc>
<msg timestamp="20230323 19:23:26.838" level="INFO">${current_url} = http://the-internet.herokuapp.com/</msg>
<status status="PASS" starttime="20230323 19:23:26.838" endtime="20230323 19:23:26.838"/>
</kw>
<kw name="Should Be Equal As Strings" library="BuiltIn">
<arg>${current_url}</arg>
<arg>${landind_page}</arg>
<doc>Fails if objects are unequal after converting them to strings.</doc>
<status status="PASS" starttime="20230323 19:23:26.838" endtime="20230323 19:23:26.838"/>
</kw>
<tag>Landing</tag>
<status status="PASS" starttime="20230323 19:23:22.943" endtime="20230323 19:23:26.838"/>
</test>
<doc>Navigate Page</doc>
<status status="PASS" starttime="20230323 19:23:22.811" endtime="20230323 19:23:26.838"/>
</suite>
<statistics>
<total>
<stat pass="1" fail="0" skip="0">All Tests</stat>
</total>
<tag>
<stat pass="1" fail="0" skip="0">Landing</stat>
</tag>
<suite>
<stat pass="1" fail="0" skip="0" id="s1" name="LandingPageNavigate">LandingPageNavigate</stat>
</suite>
</statistics>
<errors>
</errors>
</robot>
